<?xml version="1.0" encoding="UTF-8"?>
<!-- Generated by org.testng.reporters.JUnitXMLReporter -->
<testsuite ignored="1" hostname="DESKTOP-VMLBR8N" failures="0" tests="1" name="Test(failed)(failed)" time="19.67" errors="0" timestamp="2023-06-22T23:47:13 IST">
  <testcase classname="testScenario.HomePage.TestExecution" name="TC01_PayRollTest" time="8.991"/>
  <testcase classname="testScenario.HomePage.TestExecution" name="TC01_PayRollTest1" time="0.0">
    <ignored/>
  </testcase> <!-- TC01_PayRollTest1 -->
</testsuite> <!-- Test(failed)(failed) -->
