<?xml version="1.0" encoding="UTF-8"?>
<!-- Generated by org.testng.reporters.JUnitXMLReporter -->
<testsuite ignored="1" hostname="DESKTOP-VMLBR8N" failures="0" tests="1" name="Test(failed)" time="17.022" errors="0" timestamp="2023-06-22T23:58:11 IST">
  <testcase classname="testScenario.HomePage.TestExecution" name="TC01_PayRollTest" time="6.064"/>
  <testcase classname="testScenario.HomePage.TestExecution" name="TC01_PayRollTest2" time="0.0">
    <ignored/>
  </testcase> <!-- TC01_PayRollTest2 -->
</testsuite> <!-- Test(failed) -->
